[ 2017-09-27T11:57:28+08:00 ] 223.104.63.50 /health/management/Application/index.php/Connector/User/login
INFO: [ app_init ] --START--
INFO: [ app_init ] --END-- [ RunTime:0.002183s ]
INFO: [ path_info ] --START--
INFO: [ path_info ] --END-- [ RunTime:0.000022s ]
INFO: [ app_begin ] --START--
INFO: Run Behavior\ReadHtmlCache [ RunTime:0.000040s ]
INFO: [ app_begin ] --END-- [ RunTime:0.000094s ]
INFO: [ action_begin ] --START--
INFO: [ action_begin ] --END-- [ RunTime:0.000071s ]
NOTIC: [2] mysql_connect(): Access denied for user 'root'@'localhost' (using password: YES) /phpstudy/www/health/management/ThinkPHP/Library/Think/Db/Driver/Mysql.class.php 第 52 行.
ERR: Access denied for user 'root'@'localhost' (using password: YES)

[ 2017-09-27T11:57:30+08:00 ] 223.104.63.50 /health/management/Application/index.php/Connector/Hos/getHotHos
INFO: [ app_init ] --START--
INFO: [ app_init ] --END-- [ RunTime:0.000192s ]
INFO: [ path_info ] --START--
INFO: [ path_info ] --END-- [ RunTime:0.000020s ]
INFO: [ app_begin ] --START--
INFO: Run Behavior\ReadHtmlCache [ RunTime:0.000029s ]
INFO: [ app_begin ] --END-- [ RunTime:0.000071s ]
INFO: [ action_begin ] --START--
INFO: [ action_begin ] --END-- [ RunTime:0.000053s ]
NOTIC: [2] mysql_connect(): Access denied for user 'root'@'localhost' (using password: YES) /phpstudy/www/health/management/ThinkPHP/Library/Think/Db/Driver/Mysql.class.php 第 52 行.
ERR: Access denied for user 'root'@'localhost' (using password: YES)

[ 2017-09-27T11:57:30+08:00 ] 223.104.63.50 /health/management/Application/index.php/Connector/Doc/getHotDoc
INFO: [ app_init ] --START--
INFO: [ app_init ] --END-- [ RunTime:0.000404s ]
INFO: [ path_info ] --START--
INFO: [ path_info ] --END-- [ RunTime:0.000034s ]
INFO: [ app_begin ] --START--
INFO: Run Behavior\ReadHtmlCache [ RunTime:0.000057s ]
INFO: [ app_begin ] --END-- [ RunTime:0.000119s ]
INFO: [ action_begin ] --START--
INFO: [ action_begin ] --END-- [ RunTime:0.000071s ]
NOTIC: [2048] Declaration of Admin\Model\DoctorInfoModel::_after_insert() should be compatible with that of Think\Model::_after_insert() /phpstudy/www/health/management/Application/Admin/Model/DoctorInfoModel.class.php 第 7 行.
NOTIC: [2] mysql_connect(): Access denied for user 'root'@'localhost' (using password: YES) /phpstudy/www/health/management/ThinkPHP/Library/Think/Db/Driver/Mysql.class.php 第 52 行.
ERR: Access denied for user 'root'@'localhost' (using password: YES)

[ 2017-09-27T11:57:30+08:00 ] 223.104.63.50 /health/management/Application/index.php/Connector/User/getuserInfo
INFO: [ app_init ] --START--
INFO: [ app_init ] --END-- [ RunTime:0.000278s ]
INFO: [ path_info ] --START--
INFO: [ path_info ] --END-- [ RunTime:0.000030s ]
INFO: [ app_begin ] --START--
INFO: Run Behavior\ReadHtmlCache [ RunTime:0.000028s ]
INFO: [ app_begin ] --END-- [ RunTime:0.000066s ]
INFO: [ action_begin ] --START--
INFO: [ action_begin ] --END-- [ RunTime:0.000026s ]
NOTIC: [2] mysql_connect(): Access denied for user 'root'@'localhost' (using password: YES) /phpstudy/www/health/management/ThinkPHP/Library/Think/Db/Driver/Mysql.class.php 第 52 行.
ERR: Access denied for user 'root'@'localhost' (using password: YES)

[ 2017-09-27T11:59:30+08:00 ] 113.81.19.93 /health/management/Application/
INFO: [ app_init ] --START--
INFO: [ app_init ] --END-- [ RunTime:0.001898s ]
INFO: [ app_begin ] --START--
INFO: Run Behavior\ReadHtmlCache [ RunTime:0.000061s ]
INFO: [ app_begin ] --END-- [ RunTime:0.000140s ]
INFO: [ action_begin ] --START--
INFO: [ action_begin ] --END-- [ RunTime:0.000068s ]
INFO: [ view_begin ] --START--
INFO: [ view_begin ] --END-- [ RunTime:0.000022s ]
INFO: [ view_parse ] --START--
INFO: [ template_filter ] --START--
INFO: Run Behavior\ContentReplace [ RunTime:0.000056s ]
INFO: [ template_filter ] --END-- [ RunTime:0.000136s ]
INFO: Run Behavior\ParseTemplate [ RunTime:0.807728s ]
INFO: [ view_parse ] --END-- [ RunTime:0.807827s ]
INFO: [ view_filter ] --START--
INFO: Run Behavior\WriteHtmlCache [ RunTime:0.000018s ]
INFO: [ view_filter ] --END-- [ RunTime:0.000067s ]
INFO: [ view_end ] --START--
INFO: [ view_end ] --END-- [ RunTime:0.000024s ]

[ 2017-09-27T11:59:34+08:00 ] 113.81.19.93 /health/management/Application/index.php/Admin/Login/login.html
INFO: [ app_init ] --START--
INFO: [ app_init ] --END-- [ RunTime:0.000223s ]
INFO: [ path_info ] --START--
INFO: [ path_info ] --END-- [ RunTime:0.000020s ]
INFO: [ app_begin ] --START--
INFO: Run Behavior\ReadHtmlCache [ RunTime:0.000028s ]
INFO: [ app_begin ] --END-- [ RunTime:0.000071s ]
INFO: [ action_begin ] --START--
INFO: [ action_begin ] --END-- [ RunTime:0.000033s ]
INFO: [ view_begin ] --START--
INFO: [ view_begin ] --END-- [ RunTime:0.000020s ]
INFO: [ view_parse ] --START--
INFO: [ template_filter ] --START--
INFO: Run Behavior\ContentReplace [ RunTime:0.000073s ]
INFO: [ template_filter ] --END-- [ RunTime:0.000148s ]
INFO: Run Behavior\ParseTemplate [ RunTime:0.026588s ]
INFO: [ view_parse ] --END-- [ RunTime:0.026646s ]
INFO: [ view_filter ] --START--
INFO: Run Behavior\WriteHtmlCache [ RunTime:0.000012s ]
INFO: [ view_filter ] --END-- [ RunTime:0.000055s ]
INFO: [ view_end ] --START--
INFO: [ view_end ] --END-- [ RunTime:0.000016s ]
INFO: [ app_end ] --START--
INFO: Run Behavior\ShowPageTrace [ RunTime:0.000032s ]
INFO: [ app_end ] --END-- [ RunTime:0.000064s ]

[ 2017-09-27T11:59:55+08:00 ] 113.81.19.93 /health/management/Application/index.php/Admin/Login/login.html
INFO: [ app_init ] --START--
INFO: [ app_init ] --END-- [ RunTime:0.000316s ]
INFO: [ path_info ] --START--
INFO: [ path_info ] --END-- [ RunTime:0.000035s ]
INFO: [ app_begin ] --START--
INFO: Run Behavior\ReadHtmlCache [ RunTime:0.000049s ]
INFO: [ app_begin ] --END-- [ RunTime:0.000116s ]
INFO: [ action_begin ] --START--
INFO: [ action_begin ] --END-- [ RunTime:0.000039s ]
NOTIC: [2] mysql_connect(): [2002] Connection refused (trying to connect via tcp://127.0.0.1:3306) /phpstudy/www/health/management/ThinkPHP/Library/Think/Db/Driver/Mysql.class.php 第 52 行.
NOTIC: [2] mysql_connect(): Connection refused /phpstudy/www/health/management/ThinkPHP/Library/Think/Db/Driver/Mysql.class.php 第 52 行.
ERR: Connection refused

[ 2017-09-27T12:01:37+08:00 ] 113.81.19.93 /health/management/Application/index.php/Connector/User/getUserData
INFO: [ app_init ] --START--
INFO: [ app_init ] --END-- [ RunTime:0.000300s ]
INFO: [ path_info ] --START--
INFO: [ path_info ] --END-- [ RunTime:0.000026s ]
INFO: [ app_begin ] --START--
INFO: Run Behavior\ReadHtmlCache [ RunTime:0.000052s ]
INFO: [ app_begin ] --END-- [ RunTime:0.000123s ]
INFO: [ action_begin ] --START--
INFO: [ action_begin ] --END-- [ RunTime:0.000066s ]
NOTIC: [2] mysql_connect(): [2002] Connection refused (trying to connect via tcp://127.0.0.1:3306) /phpstudy/www/health/management/ThinkPHP/Library/Think/Db/Driver/Mysql.class.php 第 52 行.
NOTIC: [2] mysql_connect(): Connection refused /phpstudy/www/health/management/ThinkPHP/Library/Think/Db/Driver/Mysql.class.php 第 52 行.
ERR: Connection refused

[ 2017-09-27T12:07:29+08:00 ] 113.81.19.93 /health/management/Application/index.php/Connector/User/getUserData
INFO: [ app_init ] --START--
INFO: [ app_init ] --END-- [ RunTime:0.000265s ]
INFO: [ path_info ] --START--
INFO: [ path_info ] --END-- [ RunTime:0.000029s ]
INFO: [ app_begin ] --START--
INFO: Run Behavior\ReadHtmlCache [ RunTime:0.000047s ]
INFO: [ app_begin ] --END-- [ RunTime:0.000097s ]
INFO: [ action_begin ] --START--
INFO: [ action_begin ] --END-- [ RunTime:0.000032s ]
NOTIC: [2] mysql_connect(): [2002] Connection refused (trying to connect via tcp://127.0.0.1:3306) /phpstudy/www/health/management/ThinkPHP/Library/Think/Db/Driver/Mysql.class.php 第 52 行.
NOTIC: [2] mysql_connect(): Connection refused /phpstudy/www/health/management/ThinkPHP/Library/Think/Db/Driver/Mysql.class.php 第 52 行.
ERR: Connection refused

